[2023-03-06 15:59:38.683227] ERROR: UserDao: 添加用例失败:__init__() missing 1 required positional argument: 'expected'
[2023-03-06 16:00:12.322166] ERROR: UserDao: 添加用例失败:name 'expected' is not defined
[2023-03-06 16:00:58.489822] ERROR: UserDao: 添加用例失败:name 'expected' is not defined
[2023-03-06 16:01:55.520880] ERROR: UserDao: 添加用例失败:name 'expected' is not defined
[2023-03-06 16:02:08.766462] ERROR: UserDao: 添加用例失败:name 'expected' is not defined
[2023-03-06 16:04:14.227694] ERROR: UserDao: 添加用例失败:name 'expected' is not defined
[2023-03-06 16:04:21.050543] ERROR: UserDao: 添加用例失败:name 'expected' is not defined
[2023-03-06 16:09:47.143643] ERROR: UserDao: 获取测试用例失败:name 'child' is not defined
[2023-03-06 16:35:59.358622] ERROR: UserDao: 获取测试用例失败:name 'child' is not defined
[2023-03-06 16:36:31.128235] ERROR: UserDao: 获取测试用例失败:name 'child' is not defined
[2023-03-12 09:39:52.577555] ERROR: UserDao: 查询项目:3失败,(mysql.connector.errors.ProgrammingError) 1054 (42S22): Unknown column 'project.app' in 'field list'
[SQL: SELECT project.id AS project_id, project.name AS project_name, project.owner AS project_owner, project.app AS project_app, project.created_at AS project_created_at, project.updated_at AS project_updated_at, project.deleted_at AS project_deleted_at, project.create_user AS project_create_user, project.update_user AS project_update_user, project.private AS project_private, project.description AS project_description 
FROM project 
WHERE project.id = %(id_1)s AND project.deleted_at IS NULL 
 LIMIT %(param_1)s]
[parameters: {'id_1': '3', 'param_1': 1}]
(Background on this error at: http://sqlalche.me/e/14/f405)
[2023-03-12 09:41:58.628241] ERROR: UserDao: 查询项目:3失败,(mysql.connector.errors.ProgrammingError) 1054 (42S22): Unknown column 'project.app' in 'field list'
[SQL: SELECT project.id AS project_id, project.name AS project_name, project.owner AS project_owner, project.app AS project_app, project.created_at AS project_created_at, project.updated_at AS project_updated_at, project.deleted_at AS project_deleted_at, project.create_user AS project_create_user, project.update_user AS project_update_user, project.private AS project_private, project.description AS project_description 
FROM project 
WHERE project.id = %(id_1)s AND project.deleted_at IS NULL 
 LIMIT %(param_1)s]
[parameters: {'id_1': '3', 'param_1': 1}]
(Background on this error at: http://sqlalche.me/e/14/f405)
[2023-03-12 10:44:22.108821] ERROR: UserDao: 查询项目:2失败,(mysql.connector.errors.ProgrammingError) 1054 (42S22): Unknown column 'project.app' in 'field list'
[SQL: SELECT project.id AS project_id, project.name AS project_name, project.owner AS project_owner, project.app AS project_app, project.created_at AS project_created_at, project.updated_at AS project_updated_at, project.deleted_at AS project_deleted_at, project.create_user AS project_create_user, project.update_user AS project_update_user, project.private AS project_private, project.description AS project_description 
FROM project 
WHERE project.id = %(id_1)s AND project.deleted_at IS NULL 
 LIMIT %(param_1)s]
[parameters: {'id_1': '2', 'param_1': 1}]
(Background on this error at: http://sqlalche.me/e/14/f405)
[2023-03-12 10:46:42.995756] ERROR: UserDao: 查询项目:2失败,(mysql.connector.errors.ProgrammingError) 1054 (42S22): Unknown column 'project.app' in 'field list'
[SQL: SELECT project.id AS project_id, project.name AS project_name, project.owner AS project_owner, project.app AS project_app, project.created_at AS project_created_at, project.updated_at AS project_updated_at, project.deleted_at AS project_deleted_at, project.create_user AS project_create_user, project.update_user AS project_update_user, project.private AS project_private, project.description AS project_description 
FROM project 
WHERE project.id = %(id_1)s AND project.deleted_at IS NULL 
 LIMIT %(param_1)s]
[parameters: {'id_1': '2', 'param_1': 1}]
(Background on this error at: http://sqlalche.me/e/14/f405)
[2023-03-12 10:50:09.702283] ERROR: UserDao: 获取用户:1项目列表失败, [Errno 22] Invalid argument
[2023-03-12 10:54:02.420374] ERROR: UserDao: 获取用户:1项目列表失败, [Errno 22] Invalid argument
[2023-03-12 19:59:20.255104] ERROR: UserDao: 获取用户:1项目列表失败, [Errno 22] Invalid argument
[2023-03-12 20:00:22.794862] ERROR: UserDao: 获取用户:1项目列表失败, [Errno 22] Invalid argument
[2023-03-12 20:02:36.997512] ERROR: UserDao: 获取用户:1项目列表失败, [Errno 22] Invalid argument
[2023-03-13 07:56:28.323484] ERROR: UserDao: 添加用例失败:(mysql.connector.errors.DatabaseError) 1364 (HY000): Field 'expected' doesn't have a default value
[SQL: INSERT INTO test_case (name, request_type, url, request_method, request_header, body, project_id, tag, `status`, priority, catalogue, created_at, updated_at, deleted_at, create_user, update_user) VALUES (%(name)s, %(request_type)s, %(url)s, %(request_method)s, %(request_header)s, %(body)s, %(project_id)s, %(tag)s, %(status)s, %(priority)s, %(catalogue)s, %(created_at)s, %(updated_at)s, %(deleted_at)s, %(create_user)s, %(update_user)s)]
[parameters: {'name': '1', 'request_type': 1, 'url': '1', 'request_method': 'GET', 'request_header': '{}', 'body': '', 'project_id': 1, 'tag': '1', 'status': 1, 'priority': 'P0', 'catalogue': None, 'created_at': datetime.datetime(2023, 3, 13, 7, 56, 28, 320338), 'updated_at': datetime.datetime(2023, 3, 13, 7, 56, 28, 320338), 'deleted_at': None, 'create_user': 1, 'update_user': 1}]
(Background on this error at: http://sqlalche.me/e/14/4xp6)
[2023-03-13 12:16:03.201575] ERROR: UserDao: 获取用户:1项目列表失败, (mysql.connector.errors.ProgrammingError) 1054 (42S22): Unknown column 'project.app' in 'field list'
[SQL: SELECT count(*) AS count_1 
FROM (SELECT project.id AS project_id, project.name AS project_name, project.owner AS project_owner, project.app AS project_app, project.created_at AS project_created_at, project.updated_at AS project_updated_at, project.deleted_at AS project_deleted_at, project.create_user AS project_create_user, project.update_user AS project_update_user, project.private AS project_private, project.description AS project_description 
FROM project 
WHERE project.deleted_at IS NULL) AS anon_1]
(Background on this error at: http://sqlalche.me/e/14/f405)
[2023-03-13 12:16:12.233157] ERROR: UserDao: 获取用户:1项目列表失败, (mysql.connector.errors.ProgrammingError) 1054 (42S22): Unknown column 'project.app' in 'field list'
[SQL: SELECT count(*) AS count_1 
FROM (SELECT project.id AS project_id, project.name AS project_name, project.owner AS project_owner, project.app AS project_app, project.created_at AS project_created_at, project.updated_at AS project_updated_at, project.deleted_at AS project_deleted_at, project.create_user AS project_create_user, project.update_user AS project_update_user, project.private AS project_private, project.description AS project_description 
FROM project 
WHERE project.deleted_at IS NULL) AS anon_1]
(Background on this error at: http://sqlalche.me/e/14/f405)
[2023-03-14 07:38:20.006621] ERROR: UserDao: 执行用例失败:module 'app.dao.test_case.TestCaseDao' has no attribute 'query_test_case'
[2023-03-18 15:20:13.778446] INFO: UserDao: 有人访问你的网站了
[2023-03-18 15:20:14.242493] INFO: UserDao: 有人访问你的网站了
[2023-03-19 14:47:35.825915] ERROR: UserDao: 新增环境:212121212失败,super() argument 1 must be type, not int
[2023-03-19 14:50:51.688292] ERROR: UserDao: 新增环境:432432失败,super() argument 1 must be type, not int
[2023-03-19 14:52:11.348319] ERROR: UserDao: 新增环境:53255失败,(mysql.connector.errors.IntegrityError) 1048 (23000): Column 'created_at' cannot be null
[SQL: INSERT INTO environment (created_at, updated_at, deleted_at, create_user, update_user, id, name, remarks) VALUES (%(created_at)s, %(updated_at)s, %(deleted_at)s, %(create_user)s, %(update_user)s, %(id)s, %(name)s, %(remarks)s)]
[parameters: {'created_at': None, 'updated_at': None, 'deleted_at': None, 'create_user': None, 'update_user': None, 'id': 0, 'name': '53255', 'remarks': ''}]
(Background on this error at: http://sqlalche.me/e/14/gkpj)
[2023-03-19 14:53:19.783669] ERROR: UserDao: 新增环境:434343失败,super() takes no keyword arguments
[2023-03-19 15:13:47.851915] ERROR: UserDao: 新增环境:54354645634失败,(mysql.connector.errors.DataError) 1406 (22001): Data too long for column 'name' at row 1
[SQL: INSERT INTO environment (created_at, updated_at, deleted_at, create_user, update_user, id, name, remarks) VALUES (%(created_at)s, %(updated_at)s, %(deleted_at)s, %(create_user)s, %(update_user)s, %(id)s, %(name)s, %(remarks)s)]
[parameters: {'created_at': datetime.datetime(2023, 3, 19, 15, 13, 47, 812768), 'updated_at': datetime.datetime(2023, 3, 19, 15, 13, 47, 812768), 'deleted_at': None, 'create_user': 1, 'update_user': 1, 'id': 0, 'name': '54354645634', 'remarks': ''}]
(Background on this error at: http://sqlalche.me/e/14/9h9h)
[2023-03-19 16:27:57.584237] ERROR: UserDao: 删除环境失败,'int' object has no attribute 'get'
[2023-03-19 16:28:38.704031] ERROR: UserDao: 删除环境失败,'int' object has no attribute 'get'
[2023-03-21 08:10:13.820207] ERROR: UserDao: 查询失败,count() takes exactly one argument (0 given)
[2023-03-21 08:10:28.969378] ERROR: UserDao: 查询失败,count() takes exactly one argument (0 given)
[2023-03-21 08:11:16.583200] ERROR: UserDao: 查询失败,count() takes exactly one argument (0 given)
[2023-03-21 08:13:56.233562] ERROR: UserDao: 查询失败,count() takes exactly one argument (0 given)
[2023-03-22 16:43:23.930546] ERROR: UserDao: 新增环境:test1失败,Python type builtin_function_or_method cannot be converted
[2023-03-22 16:43:50.450185] ERROR: UserDao: 新增环境:test2失败,Python type builtin_function_or_method cannot be converted
[2023-03-22 17:16:38.786069] ERROR: UserDao: 新增环境:1失败,(mysql.connector.errors.IntegrityError) 1062 (23000): Duplicate entry '1' for key 'name'
[SQL: INSERT INTO environment (created_at, updated_at, deleted_at, create_user, update_user, id, name, remarks) VALUES (%(created_at)s, %(updated_at)s, %(deleted_at)s, %(create_user)s, %(update_user)s, %(id)s, %(name)s, %(remarks)s)]
[parameters: {'created_at': datetime.datetime(2023, 3, 22, 17, 16, 38, 775052), 'updated_at': datetime.datetime(2023, 3, 22, 17, 16, 38, 775052), 'deleted_at': None, 'create_user': 1, 'update_user': 1, 'id': 0, 'name': '1', 'remarks': ''}]
(Background on this error at: http://sqlalche.me/e/14/gkpj)
[2023-03-22 17:17:56.251613] ERROR: UserDao: 新增环境:1失败,(mysql.connector.errors.IntegrityError) 1062 (23000): Duplicate entry '1' for key 'name'
[SQL: INSERT INTO environment (created_at, updated_at, deleted_at, create_user, update_user, id, name, remarks) VALUES (%(created_at)s, %(updated_at)s, %(deleted_at)s, %(create_user)s, %(update_user)s, %(id)s, %(name)s, %(remarks)s)]
[parameters: {'created_at': datetime.datetime(2023, 3, 22, 17, 17, 56, 247613), 'updated_at': datetime.datetime(2023, 3, 22, 17, 17, 56, 247613), 'deleted_at': None, 'create_user': 1, 'update_user': 1, 'id': 0, 'name': '1', 'remarks': ''}]
(Background on this error at: http://sqlalche.me/e/14/gkpj)
[2023-03-22 17:18:41.321116] ERROR: UserDao: 新增环境:1失败,(mysql.connector.errors.IntegrityError) 1062 (23000): Duplicate entry '1' for key 'name'
[SQL: INSERT INTO environment (created_at, updated_at, deleted_at, create_user, update_user, id, name, remarks) VALUES (%(created_at)s, %(updated_at)s, %(deleted_at)s, %(create_user)s, %(update_user)s, %(id)s, %(name)s, %(remarks)s)]
[parameters: {'created_at': datetime.datetime(2023, 3, 22, 17, 18, 41, 317116), 'updated_at': datetime.datetime(2023, 3, 22, 17, 18, 41, 317116), 'deleted_at': None, 'create_user': 1, 'update_user': 1, 'id': 0, 'name': '1', 'remarks': ''}]
(Background on this error at: http://sqlalche.me/e/14/gkpj)
[2023-03-23 19:14:04.248478] ERROR: UserDao: 查询失败,name 'env_id' is not defined
[2023-03-23 19:14:11.484631] ERROR: UserDao: 查询失败,name 'env_id' is not defined
[2023-03-23 19:17:59.131508] ERROR: UserDao: 查询失败,name 'env_id' is not defined
[2023-03-23 19:21:58.626762] ERROR: UserDao: 查询失败,name 'env_id' is not defined
[2023-03-24 07:47:49.712903] ERROR: UserDao: 新增全局变量:2失败,(mysql.connector.errors.IntegrityError) 1048 (23000): Column 'key_type' cannot be null
[SQL: INSERT INTO global_config (created_at, updated_at, deleted_at, create_user, update_user, id, env_id, `key`, value, key_type, enable) VALUES (%(created_at)s, %(updated_at)s, %(deleted_at)s, %(create_user)s, %(update_user)s, %(id)s, %(env_id)s, %(key)s, %(value)s, %(key_type)s, %(enable)s)]
[parameters: {'created_at': datetime.datetime(2023, 3, 24, 7, 47, 49, 704925), 'updated_at': datetime.datetime(2023, 3, 24, 7, 47, 49, 704925), 'deleted_at': None, 'create_user': 1, 'update_user': 1, 'id': 0, 'env_id': '2', 'key': '2', 'value': '2', 'key_type': None, 'enable': 1}]
(Background on this error at: http://sqlalche.me/e/14/gkpj)
[2023-03-25 08:19:47.776805] ERROR: UserDao: 更新全局变量失败,'int' object has no attribute 'get'
[2023-03-25 08:20:54.936489] ERROR: UserDao: 更新全局变量失败,'int' object has no attribute 'get'
[2023-03-25 08:21:36.244543] ERROR: UserDao: 更新全局变量失败,'int' object has no attribute 'get'
[2023-03-25 13:53:37.659021] ERROR: UserDao: 更新全局变量失败,'int' object has no attribute 'get'
[2023-03-25 14:14:05.290165] ERROR: UserDao: 更新全局变量失败,(builtins.ValueError) Value 222 is not None, True, or False
[SQL: UPDATE global_config SET updated_at=%(updated_at)s, enable=%(enable)s WHERE global_config.id = %(global_config_id)s]
[parameters: [{'enable': 222, 'updated_at': datetime.datetime(2023, 3, 25, 14, 14, 5, 288796), 'global_config_id': 1}]]
[2023-05-19 13:45:59.451856] INFO: UserDao: 有人访问你的网站了
[2023-05-19 13:46:10.415191] INFO: UserDao: 有人访问你的网站了
[2023-05-19 13:46:10.530051] INFO: UserDao: 有人访问你的网站了
[2023-05-19 13:46:10.549495] INFO: UserDao: 有人访问你的网站了
[2023-05-19 13:46:25.693930] INFO: UserDao: 有人访问你的网站了
[2023-05-19 13:46:27.824314] INFO: UserDao: 有人访问你的网站了
[2023-05-19 13:46:27.826333] INFO: UserDao: 有人访问你的网站了
[2023-05-19 13:46:27.830672] INFO: UserDao: 有人访问你的网站了
[2023-05-19 13:46:27.833214] INFO: UserDao: 有人访问你的网站了
[2023-05-19 13:46:27.839322] INFO: UserDao: 有人访问你的网站了
[2023-05-19 13:46:27.868182] INFO: UserDao: 有人访问你的网站了
[2023-05-19 13:46:27.870182] INFO: UserDao: 有人访问你的网站了
[2023-05-19 13:46:27.874131] INFO: UserDao: 有人访问你的网站了
[2023-05-19 13:46:27.883642] INFO: UserDao: 有人访问你的网站了
[2023-05-19 13:46:27.898015] INFO: UserDao: 有人访问你的网站了
[2023-05-19 13:46:27.903023] INFO: UserDao: 有人访问你的网站了
[2023-05-19 13:46:27.918975] INFO: UserDao: 有人访问你的网站了
[2023-05-19 13:46:27.946936] INFO: UserDao: 有人访问你的网站了
[2023-05-19 13:46:27.963150] INFO: UserDao: 有人访问你的网站了
[2023-05-19 13:46:27.979124] INFO: UserDao: 有人访问你的网站了
[2023-05-19 13:46:28.017149] INFO: UserDao: 有人访问你的网站了
[2023-05-19 13:46:28.037075] INFO: UserDao: 有人访问你的网站了
[2023-05-19 13:46:28.052067] INFO: UserDao: 有人访问你的网站了
[2023-05-19 13:46:28.057924] INFO: UserDao: 有人访问你的网站了
[2023-05-19 13:46:28.066410] INFO: UserDao: 有人访问你的网站了
[2023-05-19 13:46:28.118642] INFO: UserDao: 有人访问你的网站了
[2023-05-19 13:46:28.123043] INFO: UserDao: 有人访问你的网站了
[2023-05-19 13:46:28.147956] INFO: UserDao: 有人访问你的网站了
[2023-05-19 13:46:28.455272] INFO: UserDao: 有人访问你的网站了
[2023-05-19 13:46:28.481501] INFO: UserDao: 有人访问你的网站了
[2023-05-19 13:46:28.486257] INFO: UserDao: 有人访问你的网站了
[2023-05-19 13:46:28.507141] INFO: UserDao: 有人访问你的网站了
[2023-05-19 13:46:28.516766] INFO: UserDao: 有人访问你的网站了
[2023-05-19 13:46:28.520778] INFO: UserDao: 有人访问你的网站了
[2023-05-19 13:46:28.524790] INFO: UserDao: 有人访问你的网站了
[2023-05-19 13:46:28.545483] INFO: UserDao: 有人访问你的网站了
[2023-05-19 13:46:28.559485] INFO: UserDao: 有人访问你的网站了
[2023-05-19 13:46:28.597317] INFO: UserDao: 有人访问你的网站了
[2023-05-19 13:46:28.621811] INFO: UserDao: 有人访问你的网站了
[2023-05-19 13:46:28.632948] INFO: UserDao: 有人访问你的网站了
[2023-05-19 13:46:28.651692] INFO: UserDao: 有人访问你的网站了
[2023-05-19 13:46:28.665190] INFO: UserDao: 有人访问你的网站了
[2023-05-19 13:46:28.677194] INFO: UserDao: 有人访问你的网站了
[2023-05-19 13:46:28.686305] INFO: UserDao: 有人访问你的网站了
[2023-05-19 13:46:28.703968] INFO: UserDao: 有人访问你的网站了
[2023-05-19 13:46:28.711075] INFO: UserDao: 有人访问你的网站了
[2023-05-19 13:46:28.960810] INFO: UserDao: 有人访问你的网站了
[2023-05-19 13:46:28.973848] INFO: UserDao: 有人访问你的网站了
[2023-05-19 13:46:28.985135] INFO: UserDao: 有人访问你的网站了
[2023-05-19 13:46:29.005549] INFO: UserDao: 有人访问你的网站了
[2023-05-19 13:46:29.023592] INFO: UserDao: 有人访问你的网站了
[2023-05-19 13:46:29.044918] INFO: UserDao: 有人访问你的网站了
[2023-05-19 13:46:29.079520] INFO: UserDao: 有人访问你的网站了
[2023-05-19 13:46:29.099972] INFO: UserDao: 有人访问你的网站了
[2023-05-19 13:46:29.134056] INFO: UserDao: 有人访问你的网站了
[2023-05-19 13:46:29.135061] INFO: UserDao: 有人访问你的网站了
[2023-05-19 13:46:29.139049] INFO: UserDao: 有人访问你的网站了
[2023-05-19 13:46:29.146532] INFO: UserDao: 有人访问你的网站了
[2023-05-19 13:46:29.150557] INFO: UserDao: 有人访问你的网站了
[2023-05-19 13:46:29.151556] INFO: UserDao: 有人访问你的网站了
[2023-05-19 13:46:29.155556] INFO: UserDao: 有人访问你的网站了
[2023-05-19 13:46:29.156583] INFO: UserDao: 有人访问你的网站了
[2023-05-19 13:46:29.159557] INFO: UserDao: 有人访问你的网站了
[2023-05-19 13:46:29.160554] INFO: UserDao: 有人访问你的网站了
[2023-05-19 13:46:29.170317] INFO: UserDao: 有人访问你的网站了
[2023-05-19 13:46:29.172205] INFO: UserDao: 有人访问你的网站了
[2023-05-19 13:46:29.179204] INFO: UserDao: 有人访问你的网站了
[2023-05-19 13:46:29.188684] INFO: UserDao: 有人访问你的网站了
[2023-05-19 13:46:29.197695] INFO: UserDao: 有人访问你的网站了
[2023-05-19 13:46:29.223523] INFO: UserDao: 有人访问你的网站了
[2023-05-19 13:46:29.224522] INFO: UserDao: 有人访问你的网站了
[2023-05-19 13:46:29.238860] INFO: UserDao: 有人访问你的网站了
[2023-05-19 13:46:29.240835] INFO: UserDao: 有人访问你的网站了
[2023-05-19 13:46:29.250889] INFO: UserDao: 有人访问你的网站了
[2023-05-19 13:46:29.251889] INFO: UserDao: 有人访问你的网站了
[2023-05-19 13:46:29.272351] INFO: UserDao: 有人访问你的网站了
[2023-05-19 13:46:29.274313] INFO: UserDao: 有人访问你的网站了
[2023-05-19 13:46:29.288443] INFO: UserDao: 有人访问你的网站了
[2023-05-19 13:46:29.289411] INFO: UserDao: 有人访问你的网站了
[2023-05-19 13:46:29.298065] INFO: UserDao: 有人访问你的网站了
[2023-05-19 13:46:29.299065] INFO: UserDao: 有人访问你的网站了
[2023-05-19 13:46:29.302064] INFO: UserDao: 有人访问你的网站了
[2023-05-19 13:46:29.306065] INFO: UserDao: 有人访问你的网站了
[2023-05-19 13:46:29.314953] INFO: UserDao: 有人访问你的网站了
[2023-05-19 13:46:29.315974] INFO: UserDao: 有人访问你的网站了
[2023-05-19 13:46:29.333022] INFO: UserDao: 有人访问你的网站了
[2023-05-19 13:46:29.334728] INFO: UserDao: 有人访问你的网站了
[2023-05-19 13:46:29.338504] INFO: UserDao: 有人访问你的网站了
[2023-05-19 13:46:29.348715] INFO: UserDao: 有人访问你的网站了
[2023-05-19 13:46:29.350716] INFO: UserDao: 有人访问你的网站了
[2023-05-19 13:46:29.361716] INFO: UserDao: 有人访问你的网站了
[2023-05-19 13:46:29.365962] INFO: UserDao: 有人访问你的网站了
[2023-05-19 13:46:29.379143] INFO: UserDao: 有人访问你的网站了
[2023-05-19 13:46:29.380144] INFO: UserDao: 有人访问你的网站了
[2023-05-19 13:46:29.383143] INFO: UserDao: 有人访问你的网站了
[2023-05-19 13:46:29.390056] INFO: UserDao: 有人访问你的网站了
[2023-05-19 13:46:29.391056] INFO: UserDao: 有人访问你的网站了
[2023-05-19 13:46:29.396079] INFO: UserDao: 有人访问你的网站了
[2023-05-19 13:46:29.418710] INFO: UserDao: 有人访问你的网站了
[2023-05-19 13:46:29.421741] INFO: UserDao: 有人访问你的网站了
[2023-05-19 13:46:29.423730] INFO: UserDao: 有人访问你的网站了
[2023-05-19 13:46:29.441324] INFO: UserDao: 有人访问你的网站了
[2023-05-19 13:46:29.448301] INFO: UserDao: 有人访问你的网站了
[2023-05-19 13:46:29.460563] INFO: UserDao: 有人访问你的网站了
[2023-05-19 13:46:29.466567] INFO: UserDao: 有人访问你的网站了
[2023-05-19 13:46:29.474614] INFO: UserDao: 有人访问你的网站了
[2023-05-19 13:46:29.481612] INFO: UserDao: 有人访问你的网站了
[2023-05-19 13:46:29.486612] INFO: UserDao: 有人访问你的网站了
[2023-05-19 13:46:29.491610] INFO: UserDao: 有人访问你的网站了
[2023-05-19 13:46:29.493613] INFO: UserDao: 有人访问你的网站了
[2023-05-19 13:46:29.504618] INFO: UserDao: 有人访问你的网站了
[2023-05-19 13:46:29.521905] INFO: UserDao: 有人访问你的网站了
[2023-05-19 13:46:29.552948] INFO: UserDao: 有人访问你的网站了
[2023-05-19 13:46:29.553951] INFO: UserDao: 有人访问你的网站了
[2023-05-19 13:46:29.562919] INFO: UserDao: 有人访问你的网站了
[2023-05-19 13:46:29.576573] INFO: UserDao: 有人访问你的网站了
[2023-05-19 13:46:29.588543] INFO: UserDao: 有人访问你的网站了
[2023-05-19 13:46:29.611092] INFO: UserDao: 有人访问你的网站了
[2023-05-19 13:46:29.612138] INFO: UserDao: 有人访问你的网站了
[2023-05-19 13:46:29.629102] INFO: UserDao: 有人访问你的网站了
[2023-05-19 13:46:29.635104] INFO: UserDao: 有人访问你的网站了
[2023-05-19 13:46:29.679105] INFO: UserDao: 有人访问你的网站了
[2023-05-19 13:46:29.684104] INFO: UserDao: 有人访问你的网站了
[2023-05-19 13:46:29.695118] INFO: UserDao: 有人访问你的网站了
[2023-05-19 13:46:29.696117] INFO: UserDao: 有人访问你的网站了
[2023-05-19 13:46:29.705111] INFO: UserDao: 有人访问你的网站了
[2023-05-19 13:46:29.706111] INFO: UserDao: 有人访问你的网站了
[2023-05-19 13:46:29.728639] INFO: UserDao: 有人访问你的网站了
[2023-05-19 13:46:29.737634] INFO: UserDao: 有人访问你的网站了
[2023-05-19 13:46:29.752637] INFO: UserDao: 有人访问你的网站了
[2023-05-19 13:46:29.754635] INFO: UserDao: 有人访问你的网站了
[2023-05-19 13:46:29.769732] INFO: UserDao: 有人访问你的网站了
[2023-05-19 13:46:29.780698] INFO: UserDao: 有人访问你的网站了
[2023-05-19 13:46:29.786048] INFO: UserDao: 有人访问你的网站了
[2023-05-19 13:46:29.794331] INFO: UserDao: 有人访问你的网站了
[2023-05-19 13:46:29.804336] INFO: UserDao: 有人访问你的网站了
[2023-05-19 13:46:29.805338] INFO: UserDao: 有人访问你的网站了
[2023-05-19 13:46:29.823745] INFO: UserDao: 有人访问你的网站了
[2023-05-19 13:46:29.849922] INFO: UserDao: 有人访问你的网站了
[2023-05-19 13:46:29.850920] INFO: UserDao: 有人访问你的网站了
[2023-05-19 13:46:29.870404] INFO: UserDao: 有人访问你的网站了
[2023-05-19 13:46:29.885053] INFO: UserDao: 有人访问你的网站了
[2023-05-19 13:46:29.889052] INFO: UserDao: 有人访问你的网站了
[2023-05-19 13:46:29.907606] INFO: UserDao: 有人访问你的网站了
[2023-05-19 13:46:29.930827] INFO: UserDao: 有人访问你的网站了
[2023-05-19 13:46:29.931828] INFO: UserDao: 有人访问你的网站了
[2023-05-19 13:46:29.955686] INFO: UserDao: 有人访问你的网站了
[2023-05-19 13:46:29.958691] INFO: UserDao: 有人访问你的网站了
[2023-05-19 13:46:29.968736] INFO: UserDao: 有人访问你的网站了
[2023-05-19 13:46:29.974736] INFO: UserDao: 有人访问你的网站了
[2023-05-19 13:46:29.993307] INFO: UserDao: 有人访问你的网站了
[2023-05-19 13:46:30.007936] INFO: UserDao: 有人访问你的网站了
[2023-05-19 13:46:30.009936] INFO: UserDao: 有人访问你的网站了
[2023-05-19 13:46:30.023265] INFO: UserDao: 有人访问你的网站了
[2023-05-19 13:46:30.034627] INFO: UserDao: 有人访问你的网站了
[2023-05-19 13:46:30.043625] INFO: UserDao: 有人访问你的网站了
[2023-05-19 13:46:30.060000] INFO: UserDao: 有人访问你的网站了
[2023-05-19 13:46:30.077241] INFO: UserDao: 有人访问你的网站了
[2023-05-19 13:46:30.078236] INFO: UserDao: 有人访问你的网站了
[2023-05-19 13:46:30.081262] INFO: UserDao: 有人访问你的网站了
[2023-05-19 13:46:30.090176] INFO: UserDao: 有人访问你的网站了
[2023-05-19 13:46:30.091176] INFO: UserDao: 有人访问你的网站了
[2023-05-19 13:46:30.104181] INFO: UserDao: 有人访问你的网站了
[2023-05-19 13:46:30.115907] INFO: UserDao: 有人访问你的网站了
[2023-05-19 13:46:30.129904] INFO: UserDao: 有人访问你的网站了
[2023-05-19 13:46:30.133916] INFO: UserDao: 有人访问你的网站了
[2023-05-19 13:46:30.143927] INFO: UserDao: 有人访问你的网站了
[2023-05-19 13:46:30.154948] INFO: UserDao: 有人访问你的网站了
[2023-05-19 13:46:30.166991] INFO: UserDao: 有人访问你的网站了
[2023-05-19 13:46:30.178184] INFO: UserDao: 有人访问你的网站了
[2023-05-19 13:46:30.206333] INFO: UserDao: 有人访问你的网站了
[2023-05-19 13:46:30.229569] INFO: UserDao: 有人访问你的网站了
[2023-05-19 13:46:30.239162] INFO: UserDao: 有人访问你的网站了
[2023-05-19 13:46:30.245162] INFO: UserDao: 有人访问你的网站了
[2023-05-19 13:46:30.252161] INFO: UserDao: 有人访问你的网站了
[2023-05-19 13:46:30.260653] INFO: UserDao: 有人访问你的网站了
[2023-05-19 13:46:30.274564] INFO: UserDao: 有人访问你的网站了
[2023-05-19 13:46:30.278147] INFO: UserDao: 有人访问你的网站了
[2023-05-19 13:46:30.281149] INFO: UserDao: 有人访问你的网站了
[2023-05-19 13:46:30.322007] INFO: UserDao: 有人访问你的网站了
[2023-05-19 13:46:30.322981] INFO: UserDao: 有人访问你的网站了
[2023-05-19 13:46:30.336519] INFO: UserDao: 有人访问你的网站了
[2023-05-19 13:46:30.337528] INFO: UserDao: 有人访问你的网站了
[2023-05-19 13:46:30.365027] INFO: UserDao: 有人访问你的网站了
[2023-05-19 13:46:30.381102] INFO: UserDao: 有人访问你的网站了
[2023-05-19 13:46:30.382112] INFO: UserDao: 有人访问你的网站了
[2023-05-19 13:46:30.400749] INFO: UserDao: 有人访问你的网站了
[2023-05-19 13:46:30.402523] INFO: UserDao: 有人访问你的网站了
[2023-05-19 13:46:30.405835] INFO: UserDao: 有人访问你的网站了
[2023-05-19 13:46:30.414445] INFO: UserDao: 有人访问你的网站了
[2023-05-19 13:46:30.415444] INFO: UserDao: 有人访问你的网站了
[2023-05-19 13:46:30.418447] INFO: UserDao: 有人访问你的网站了
[2023-05-19 13:46:30.427098] INFO: UserDao: 有人访问你的网站了
[2023-05-19 13:46:30.427098] INFO: UserDao: 有人访问你的网站了
[2023-05-19 13:46:30.431507] INFO: UserDao: 有人访问你的网站了
[2023-05-19 13:46:30.438507] INFO: UserDao: 有人访问你的网站了
[2023-05-19 13:46:30.461443] INFO: UserDao: 有人访问你的网站了
[2023-05-19 13:46:30.467746] INFO: UserDao: 有人访问你的网站了
[2023-05-19 13:46:30.468712] INFO: UserDao: 有人访问你的网站了
[2023-05-19 13:46:30.481350] INFO: UserDao: 有人访问你的网站了
[2023-05-19 13:46:30.495363] INFO: UserDao: 有人访问你的网站了
[2023-05-19 13:46:30.501342] INFO: UserDao: 有人访问你的网站了
[2023-05-19 13:46:30.506317] INFO: UserDao: 有人访问你的网站了
[2023-05-19 13:46:30.508290] INFO: UserDao: 有人访问你的网站了
[2023-05-19 13:46:30.518781] INFO: UserDao: 有人访问你的网站了
[2023-05-19 13:46:30.527061] INFO: UserDao: 有人访问你的网站了
[2023-05-19 13:46:30.537796] INFO: UserDao: 有人访问你的网站了
[2023-05-19 13:46:30.551846] INFO: UserDao: 有人访问你的网站了
[2023-05-19 13:46:30.556240] INFO: UserDao: 有人访问你的网站了
[2023-05-19 13:46:30.556240] INFO: UserDao: 有人访问你的网站了
[2023-05-19 13:46:30.561239] INFO: UserDao: 有人访问你的网站了
[2023-05-19 13:46:30.567240] INFO: UserDao: 有人访问你的网站了
[2023-05-19 13:46:30.567240] INFO: UserDao: 有人访问你的网站了
[2023-05-19 13:46:30.573251] INFO: UserDao: 有人访问你的网站了
[2023-05-19 13:46:30.574250] INFO: UserDao: 有人访问你的网站了
[2023-05-19 13:46:30.578792] INFO: UserDao: 有人访问你的网站了
[2023-05-19 13:46:30.583811] INFO: UserDao: 有人访问你的网站了
[2023-05-19 13:46:30.587790] INFO: UserDao: 有人访问你的网站了
[2023-05-19 13:46:30.593797] INFO: UserDao: 有人访问你的网站了
[2023-05-19 13:46:30.610482] INFO: UserDao: 有人访问你的网站了
[2023-05-19 13:46:30.613493] INFO: UserDao: 有人访问你的网站了
[2023-05-19 13:46:30.625099] INFO: UserDao: 有人访问你的网站了
[2023-05-19 13:46:30.628100] INFO: UserDao: 有人访问你的网站了
[2023-05-19 13:46:30.636496] INFO: UserDao: 有人访问你的网站了
[2023-05-19 13:46:30.638540] INFO: UserDao: 有人访问你的网站了
[2023-05-19 13:46:30.649776] INFO: UserDao: 有人访问你的网站了
[2023-05-19 13:46:30.650775] INFO: UserDao: 有人访问你的网站了
[2023-05-19 13:46:30.661487] INFO: UserDao: 有人访问你的网站了
[2023-05-19 13:46:30.662497] INFO: UserDao: 有人访问你的网站了
[2023-05-19 13:46:30.671344] INFO: UserDao: 有人访问你的网站了
[2023-05-19 13:46:30.680345] INFO: UserDao: 有人访问你的网站了
[2023-05-19 13:46:30.688350] INFO: UserDao: 有人访问你的网站了
[2023-05-19 13:46:30.697530] INFO: UserDao: 有人访问你的网站了
[2023-05-19 13:46:30.704539] INFO: UserDao: 有人访问你的网站了
[2023-05-19 13:46:30.745373] INFO: UserDao: 有人访问你的网站了
[2023-05-19 13:46:30.749655] INFO: UserDao: 有人访问你的网站了
[2023-05-19 13:46:30.760656] INFO: UserDao: 有人访问你的网站了
[2023-05-19 13:46:30.766808] INFO: UserDao: 有人访问你的网站了
[2023-05-19 13:46:30.787811] INFO: UserDao: 有人访问你的网站了
[2023-05-19 13:46:30.806262] INFO: UserDao: 有人访问你的网站了
[2023-05-19 13:46:30.840161] INFO: UserDao: 有人访问你的网站了
[2023-05-19 13:46:30.860162] INFO: UserDao: 有人访问你的网站了
[2023-05-19 13:46:30.871158] INFO: UserDao: 有人访问你的网站了
[2023-05-19 13:46:30.885158] INFO: UserDao: 有人访问你的网站了
[2023-05-19 13:46:30.899166] INFO: UserDao: 有人访问你的网站了
[2023-05-19 13:46:30.929680] INFO: UserDao: 有人访问你的网站了
[2023-05-19 13:46:30.937681] INFO: UserDao: 有人访问你的网站了
[2023-05-19 13:46:30.940679] INFO: UserDao: 有人访问你的网站了
[2023-05-19 13:46:30.946543] INFO: UserDao: 有人访问你的网站了
[2023-05-19 13:46:30.961535] INFO: UserDao: 有人访问你的网站了
[2023-05-19 13:46:30.984284] INFO: UserDao: 有人访问你的网站了
[2023-05-19 13:46:30.996377] INFO: UserDao: 有人访问你的网站了
[2023-05-19 13:46:31.006426] INFO: UserDao: 有人访问你的网站了
[2023-05-19 13:46:31.009430] INFO: UserDao: 有人访问你的网站了
[2023-05-19 13:46:31.018709] INFO: UserDao: 有人访问你的网站了
[2023-05-19 13:46:31.026348] INFO: UserDao: 有人访问你的网站了
[2023-05-19 13:46:31.035380] INFO: UserDao: 有人访问你的网站了
[2023-05-19 13:46:31.046850] INFO: UserDao: 有人访问你的网站了
[2023-05-19 13:46:31.062908] INFO: UserDao: 有人访问你的网站了
[2023-05-19 13:46:31.073221] INFO: UserDao: 有人访问你的网站了
[2023-05-19 13:46:31.077231] INFO: UserDao: 有人访问你的网站了
[2023-05-19 13:46:31.088254] INFO: UserDao: 有人访问你的网站了
[2023-05-19 13:46:31.335422] INFO: UserDao: 有人访问你的网站了
[2023-05-19 13:46:31.344439] INFO: UserDao: 有人访问你的网站了
[2023-05-19 13:46:31.371681] INFO: UserDao: 有人访问你的网站了
[2023-05-19 13:46:31.380946] INFO: UserDao: 有人访问你的网站了
[2023-05-19 13:46:31.393758] INFO: UserDao: 有人访问你的网站了
[2023-05-19 13:46:31.417535] INFO: UserDao: 有人访问你的网站了
[2023-05-19 13:46:31.431534] INFO: UserDao: 有人访问你的网站了
[2023-05-19 13:46:31.443599] INFO: UserDao: 有人访问你的网站了
[2023-05-19 13:46:31.470472] INFO: UserDao: 有人访问你的网站了
[2023-05-19 13:46:31.490716] INFO: UserDao: 有人访问你的网站了
[2023-05-19 13:46:31.500180] INFO: UserDao: 有人访问你的网站了
[2023-05-19 13:46:31.512762] INFO: UserDao: 有人访问你的网站了
[2023-05-19 13:46:31.526787] INFO: UserDao: 有人访问你的网站了
[2023-05-19 13:46:31.539823] INFO: UserDao: 有人访问你的网站了
[2023-05-19 13:46:31.552713] INFO: UserDao: 有人访问你的网站了
[2023-05-19 13:46:31.562624] INFO: UserDao: 有人访问你的网站了
[2023-05-19 13:46:31.565625] INFO: UserDao: 有人访问你的网站了
[2023-05-19 13:46:31.571542] INFO: UserDao: 有人访问你的网站了
[2023-05-19 13:46:31.584231] INFO: UserDao: 有人访问你的网站了
[2023-05-19 13:46:31.595110] INFO: UserDao: 有人访问你的网站了
[2023-05-19 13:46:31.609362] INFO: UserDao: 有人访问你的网站了
[2023-05-19 13:46:31.617939] INFO: UserDao: 有人访问你的网站了
[2023-05-19 13:46:31.640790] INFO: UserDao: 有人访问你的网站了
[2023-05-19 13:46:31.644976] INFO: UserDao: 有人访问你的网站了
[2023-05-19 13:46:31.663538] INFO: UserDao: 有人访问你的网站了
[2023-05-19 13:46:31.687377] INFO: UserDao: 有人访问你的网站了
[2023-05-19 13:46:31.696405] INFO: UserDao: 有人访问你的网站了
[2023-05-19 13:46:31.705294] INFO: UserDao: 有人访问你的网站了
[2023-05-19 13:46:31.716431] INFO: UserDao: 有人访问你的网站了
[2023-05-19 13:46:31.733268] INFO: UserDao: 有人访问你的网站了
[2023-05-19 13:46:31.746776] INFO: UserDao: 有人访问你的网站了
[2023-05-19 13:46:31.762288] INFO: UserDao: 有人访问你的网站了
[2023-05-19 13:46:31.765307] INFO: UserDao: 有人访问你的网站了
[2023-05-19 13:46:31.769308] INFO: UserDao: 有人访问你的网站了
[2023-05-19 13:46:31.781116] INFO: UserDao: 有人访问你的网站了
[2023-05-19 13:46:31.792842] INFO: UserDao: 有人访问你的网站了
[2023-05-19 13:46:31.799889] INFO: UserDao: 有人访问你的网站了
[2023-05-19 13:46:31.807889] INFO: UserDao: 有人访问你的网站了
[2023-05-19 13:46:31.822990] INFO: UserDao: 有人访问你的网站了
[2023-05-19 13:46:31.841212] INFO: UserDao: 有人访问你的网站了
[2023-05-19 13:46:31.845318] INFO: UserDao: 有人访问你的网站了
[2023-05-19 13:46:31.874559] INFO: UserDao: 有人访问你的网站了
[2023-05-19 13:46:31.887454] INFO: UserDao: 有人访问你的网站了
[2023-05-19 13:46:31.899458] INFO: UserDao: 有人访问你的网站了
[2023-05-19 13:46:31.907096] INFO: UserDao: 有人访问你的网站了
[2023-05-19 13:46:31.918643] INFO: UserDao: 有人访问你的网站了
[2023-05-19 13:46:31.928306] INFO: UserDao: 有人访问你的网站了
[2023-05-19 13:46:31.937304] INFO: UserDao: 有人访问你的网站了
[2023-05-19 13:46:31.946703] INFO: UserDao: 有人访问你的网站了
[2023-05-19 13:46:31.973032] INFO: UserDao: 有人访问你的网站了
[2023-05-19 13:46:31.987189] INFO: UserDao: 有人访问你的网站了
[2023-05-19 13:46:31.997203] INFO: UserDao: 有人访问你的网站了
[2023-05-19 13:46:32.030755] INFO: UserDao: 有人访问你的网站了
[2023-05-19 13:46:32.034752] INFO: UserDao: 有人访问你的网站了
[2023-05-19 13:46:32.060998] INFO: UserDao: 有人访问你的网站了
[2023-05-19 13:46:32.077758] INFO: UserDao: 有人访问你的网站了
[2023-05-19 13:46:32.088758] INFO: UserDao: 有人访问你的网站了
[2023-05-19 13:46:32.111761] INFO: UserDao: 有人访问你的网站了
[2023-05-19 13:46:32.112761] INFO: UserDao: 有人访问你的网站了
[2023-05-19 13:46:32.125271] INFO: UserDao: 有人访问你的网站了
[2023-05-19 13:46:32.128272] INFO: UserDao: 有人访问你的网站了
[2023-05-19 13:46:32.130271] INFO: UserDao: 有人访问你的网站了
[2023-05-19 13:46:32.140269] INFO: UserDao: 有人访问你的网站了
[2023-05-19 13:46:32.142272] INFO: UserDao: 有人访问你的网站了
[2023-05-19 13:46:32.166273] INFO: UserDao: 有人访问你的网站了
[2023-05-19 13:46:32.185270] INFO: UserDao: 有人访问你的网站了
[2023-05-19 13:46:32.200274] INFO: UserDao: 有人访问你的网站了
[2023-05-19 13:46:32.203273] INFO: UserDao: 有人访问你的网站了
[2023-05-19 13:46:32.210287] INFO: UserDao: 有人访问你的网站了
[2023-05-19 13:46:32.211276] INFO: UserDao: 有人访问你的网站了
[2023-05-19 13:46:32.234789] INFO: UserDao: 有人访问你的网站了
[2023-05-19 13:46:32.238453] INFO: UserDao: 有人访问你的网站了
[2023-05-19 13:46:32.241453] INFO: UserDao: 有人访问你的网站了
[2023-05-19 13:46:32.243452] INFO: UserDao: 有人访问你的网站了
[2023-05-19 13:46:32.247453] INFO: UserDao: 有人访问你的网站了
[2023-05-19 13:46:32.257892] INFO: UserDao: 有人访问你的网站了
[2023-05-19 13:46:32.258891] INFO: UserDao: 有人访问你的网站了
[2023-05-19 13:46:32.266922] INFO: UserDao: 有人访问你的网站了
[2023-05-19 13:46:32.267890] INFO: UserDao: 有人访问你的网站了
[2023-05-19 13:46:32.269890] INFO: UserDao: 有人访问你的网站了
[2023-05-19 13:46:32.270889] INFO: UserDao: 有人访问你的网站了
[2023-05-19 13:46:32.275544] INFO: UserDao: 有人访问你的网站了
[2023-05-19 13:46:32.277544] INFO: UserDao: 有人访问你的网站了
[2023-05-19 13:46:32.287570] INFO: UserDao: 有人访问你的网站了
[2023-05-19 13:46:32.288544] INFO: UserDao: 有人访问你的网站了
[2023-05-19 13:46:32.302232] INFO: UserDao: 有人访问你的网站了
[2023-05-19 13:46:32.303208] INFO: UserDao: 有人访问你的网站了
[2023-05-19 13:46:32.305204] INFO: UserDao: 有人访问你的网站了
[2023-05-19 13:46:32.317012] INFO: UserDao: 有人访问你的网站了
[2023-05-19 13:46:32.331011] INFO: UserDao: 有人访问你的网站了
[2023-05-19 13:46:32.338088] INFO: UserDao: 有人访问你的网站了
[2023-05-19 13:46:32.353080] INFO: UserDao: 有人访问你的网站了
[2023-05-19 13:46:32.367982] INFO: UserDao: 有人访问你的网站了
[2023-05-19 13:46:32.371023] INFO: UserDao: 有人访问你的网站了
[2023-05-19 13:46:32.379990] INFO: UserDao: 有人访问你的网站了
[2023-05-19 13:46:32.387995] INFO: UserDao: 有人访问你的网站了
[2023-05-19 13:46:32.396001] INFO: UserDao: 有人访问你的网站了
[2023-05-19 13:46:32.412662] INFO: UserDao: 有人访问你的网站了
[2023-05-19 13:46:32.423755] INFO: UserDao: 有人访问你的网站了
[2023-05-19 13:46:32.432517] INFO: UserDao: 有人访问你的网站了
[2023-05-19 13:46:32.441526] INFO: UserDao: 有人访问你的网站了
[2023-05-19 13:46:32.452137] INFO: UserDao: 有人访问你的网站了
[2023-05-19 13:46:32.460137] INFO: UserDao: 有人访问你的网站了
[2023-05-19 13:46:32.471640] INFO: UserDao: 有人访问你的网站了
[2023-05-19 13:46:32.484905] INFO: UserDao: 有人访问你的网站了
[2023-05-19 13:46:32.502096] INFO: UserDao: 有人访问你的网站了
[2023-05-19 13:46:32.509456] INFO: UserDao: 有人访问你的网站了
[2023-05-19 13:46:32.528425] INFO: UserDao: 有人访问你的网站了
[2023-05-19 13:46:32.544443] INFO: UserDao: 有人访问你的网站了
[2023-05-19 13:46:32.550446] INFO: UserDao: 有人访问你的网站了
[2023-05-19 13:46:32.555174] INFO: UserDao: 有人访问你的网站了
[2023-05-19 13:46:32.560176] INFO: UserDao: 有人访问你的网站了
[2023-05-19 13:46:32.566174] INFO: UserDao: 有人访问你的网站了
[2023-05-19 13:46:32.566174] INFO: UserDao: 有人访问你的网站了
[2023-05-19 13:46:32.573173] INFO: UserDao: 有人访问你的网站了
[2023-05-19 13:46:32.578176] INFO: UserDao: 有人访问你的网站了
[2023-05-19 13:46:32.584169] INFO: UserDao: 有人访问你的网站了
[2023-05-19 13:46:32.586135] INFO: UserDao: 有人访问你的网站了
[2023-05-19 13:46:32.594140] INFO: UserDao: 有人访问你的网站了
[2023-05-19 13:46:32.595135] INFO: UserDao: 有人访问你的网站了
[2023-05-19 13:46:32.603196] INFO: UserDao: 有人访问你的网站了
[2023-05-19 13:46:32.606203] INFO: UserDao: 有人访问你的网站了
[2023-05-19 13:46:32.612175] INFO: UserDao: 有人访问你的网站了
[2023-05-19 13:46:32.616293] INFO: UserDao: 有人访问你的网站了
[2023-05-19 13:46:32.627216] INFO: UserDao: 有人访问你的网站了
[2023-05-19 13:46:32.632213] INFO: UserDao: 有人访问你的网站了
[2023-05-19 13:46:32.652706] INFO: UserDao: 有人访问你的网站了
[2023-05-19 13:46:32.657982] INFO: UserDao: 有人访问你的网站了
[2023-05-19 13:46:32.661153] INFO: UserDao: 有人访问你的网站了
[2023-05-19 13:46:32.662076] INFO: UserDao: 有人访问你的网站了
[2023-05-19 13:46:32.665069] INFO: UserDao: 有人访问你的网站了
[2023-05-19 13:46:32.666041] INFO: UserDao: 有人访问你的网站了
[2023-05-19 13:46:32.677053] INFO: UserDao: 有人访问你的网站了
[2023-05-19 13:46:32.678042] INFO: UserDao: 有人访问你的网站了
[2023-05-19 13:46:32.693179] INFO: UserDao: 有人访问你的网站了
[2023-05-19 13:46:32.694153] INFO: UserDao: 有人访问你的网站了
[2023-05-19 13:46:32.696271] INFO: UserDao: 有人访问你的网站了
[2023-05-19 13:46:32.702309] INFO: UserDao: 有人访问你的网站了
[2023-05-19 13:46:32.715509] INFO: UserDao: 有人访问你的网站了
[2023-05-19 13:46:32.730842] INFO: UserDao: 有人访问你的网站了
[2023-05-19 13:46:32.735376] INFO: UserDao: 有人访问你的网站了
[2023-05-19 13:46:32.745376] INFO: UserDao: 有人访问你的网站了
[2023-05-19 13:46:32.746379] INFO: UserDao: 有人访问你的网站了
[2023-05-19 13:46:32.758080] INFO: UserDao: 有人访问你的网站了
[2023-05-19 13:46:32.762078] INFO: UserDao: 有人访问你的网站了
[2023-05-19 13:46:32.769078] INFO: UserDao: 有人访问你的网站了
[2023-05-19 13:46:32.772084] INFO: UserDao: 有人访问你的网站了
[2023-05-19 13:46:32.788118] INFO: UserDao: 有人访问你的网站了
[2023-05-19 13:46:32.796323] INFO: UserDao: 有人访问你的网站了
[2023-05-19 13:46:32.797380] INFO: UserDao: 有人访问你的网站了
[2023-05-19 13:46:32.807385] INFO: UserDao: 有人访问你的网站了
[2023-05-19 13:46:32.808385] INFO: UserDao: 有人访问你的网站了
[2023-05-19 13:46:32.817181] INFO: UserDao: 有人访问你的网站了
[2023-05-19 13:46:32.830182] INFO: UserDao: 有人访问你的网站了
[2023-05-19 13:46:32.846887] INFO: UserDao: 有人访问你的网站了
[2023-05-19 13:46:32.864317] INFO: UserDao: 有人访问你的网站了
[2023-05-19 13:46:32.866308] INFO: UserDao: 有人访问你的网站了
[2023-05-19 13:46:32.876866] INFO: UserDao: 有人访问你的网站了
[2023-05-19 13:46:32.877858] INFO: UserDao: 有人访问你的网站了
[2023-05-19 13:46:32.886702] INFO: UserDao: 有人访问你的网站了
[2023-05-19 13:46:32.896707] INFO: UserDao: 有人访问你的网站了
[2023-05-19 13:46:32.897890] INFO: UserDao: 有人访问你的网站了
[2023-05-19 13:46:32.906981] INFO: UserDao: 有人访问你的网站了
[2023-05-19 13:46:32.906981] INFO: UserDao: 有人访问你的网站了
[2023-05-19 13:46:32.914512] INFO: UserDao: 有人访问你的网站了
[2023-05-19 13:46:32.920837] INFO: UserDao: 有人访问你的网站了
[2023-05-19 13:46:32.927839] INFO: UserDao: 有人访问你的网站了
[2023-05-19 13:46:32.927839] INFO: UserDao: 有人访问你的网站了
[2023-05-19 13:46:32.931847] INFO: UserDao: 有人访问你的网站了
[2023-05-19 13:46:38.163868] INFO: UserDao: 有人访问你的网站了
[2023-05-19 13:46:38.345047] INFO: UserDao: 有人访问你的网站了
[2023-05-19 13:46:38.369280] INFO: UserDao: 有人访问你的网站了
[2023-05-19 13:46:38.481554] INFO: UserDao: 有人访问你的网站了
[2023-05-19 13:46:38.489049] INFO: UserDao: 有人访问你的网站了
[2023-05-19 13:46:38.498051] INFO: UserDao: 有人访问你的网站了
[2023-05-19 13:46:43.097446] INFO: UserDao: 有人访问你的网站了
[2023-05-19 13:46:43.283479] INFO: UserDao: 有人访问你的网站了
[2023-05-19 13:46:43.292498] INFO: UserDao: 有人访问你的网站了
[2023-05-19 13:46:43.305614] INFO: UserDao: 有人访问你的网站了
[2023-05-19 13:46:43.338699] INFO: UserDao: 有人访问你的网站了
[2023-05-19 13:46:43.382110] INFO: UserDao: 有人访问你的网站了
[2023-05-19 13:46:43.403630] INFO: UserDao: 有人访问你的网站了
[2023-05-19 13:46:43.435272] INFO: UserDao: 有人访问你的网站了
[2023-05-19 13:46:43.452498] INFO: UserDao: 有人访问你的网站了
[2023-05-19 13:46:43.467720] INFO: UserDao: 有人访问你的网站了
[2023-05-19 13:46:43.483108] INFO: UserDao: 有人访问你的网站了
[2023-05-19 13:46:43.500026] INFO: UserDao: 有人访问你的网站了
[2023-05-19 13:46:43.521251] INFO: UserDao: 有人访问你的网站了
[2023-05-19 13:46:43.532219] INFO: UserDao: 有人访问你的网站了
[2023-05-19 13:46:43.538750] INFO: UserDao: 有人访问你的网站了
[2023-05-19 13:46:43.553177] INFO: UserDao: 有人访问你的网站了
[2023-05-19 13:46:43.568430] INFO: UserDao: 有人访问你的网站了
[2023-05-19 13:46:43.614752] INFO: UserDao: 有人访问你的网站了
[2023-05-19 13:46:51.660593] INFO: UserDao: 有人访问你的网站了
[2023-05-19 13:46:51.719631] INFO: UserDao: 有人访问你的网站了
[2023-05-19 13:46:51.751732] INFO: UserDao: 有人访问你的网站了
[2023-05-19 13:46:51.832433] INFO: UserDao: 有人访问你的网站了
[2023-05-19 13:46:51.843452] INFO: UserDao: 有人访问你的网站了
[2023-05-19 13:46:51.853999] INFO: UserDao: 有人访问你的网站了
[2023-05-19 13:46:51.868870] INFO: UserDao: 有人访问你的网站了
[2023-05-19 13:46:51.873840] INFO: UserDao: 有人访问你的网站了
[2023-05-19 13:46:51.881181] INFO: UserDao: 有人访问你的网站了
[2023-05-19 13:46:51.890182] INFO: UserDao: 有人访问你的网站了
[2023-05-19 13:46:51.898670] INFO: UserDao: 有人访问你的网站了
[2023-05-19 13:46:51.915167] INFO: UserDao: 有人访问你的网站了
[2023-05-19 13:46:51.923175] INFO: UserDao: 有人访问你的网站了
[2023-05-19 13:46:51.931956] INFO: UserDao: 有人访问你的网站了
[2023-05-19 13:46:51.940590] INFO: UserDao: 有人访问你的网站了
[2023-05-19 13:46:51.950119] INFO: UserDao: 有人访问你的网站了
[2023-05-19 13:46:51.969936] INFO: UserDao: 有人访问你的网站了
[2023-05-19 13:46:51.983223] INFO: UserDao: 有人访问你的网站了
[2023-05-19 13:46:52.005236] INFO: UserDao: 有人访问你的网站了
[2023-05-19 13:46:52.019335] INFO: UserDao: 有人访问你的网站了
[2023-05-19 13:46:52.043013] INFO: UserDao: 有人访问你的网站了
[2023-05-19 13:46:52.062260] INFO: UserDao: 有人访问你的网站了
[2023-05-19 13:46:52.080756] INFO: UserDao: 有人访问你的网站了
[2023-05-19 13:46:52.085259] INFO: UserDao: 有人访问你的网站了
[2023-05-19 13:46:52.092261] INFO: UserDao: 有人访问你的网站了
[2023-05-19 13:46:52.103501] INFO: UserDao: 有人访问你的网站了
[2023-05-19 13:46:52.115418] INFO: UserDao: 有人访问你的网站了
[2023-05-19 13:46:52.119417] INFO: UserDao: 有人访问你的网站了
[2023-05-19 13:46:52.122459] INFO: UserDao: 有人访问你的网站了
[2023-05-19 13:46:52.128648] INFO: UserDao: 有人访问你的网站了
[2023-05-19 13:46:52.140668] INFO: UserDao: 有人访问你的网站了
[2023-05-19 13:46:52.162230] INFO: UserDao: 有人访问你的网站了
[2023-05-19 13:46:52.165448] INFO: UserDao: 有人访问你的网站了
[2023-05-19 13:46:52.179445] INFO: UserDao: 有人访问你的网站了
[2023-05-19 13:46:52.188432] INFO: UserDao: 有人访问你的网站了
[2023-05-19 13:46:52.191432] INFO: UserDao: 有人访问你的网站了
[2023-05-19 13:46:52.194433] INFO: UserDao: 有人访问你的网站了
[2023-05-19 13:46:52.202764] INFO: UserDao: 有人访问你的网站了
[2023-05-19 13:46:52.210814] INFO: UserDao: 有人访问你的网站了
[2023-05-19 13:46:52.223537] INFO: UserDao: 有人访问你的网站了
[2023-05-19 13:46:53.129203] INFO: UserDao: 有人访问你的网站了
[2023-05-19 13:46:53.154137] INFO: UserDao: 有人访问你的网站了
[2023-05-19 13:46:53.203057] INFO: UserDao: 有人访问你的网站了
[2023-05-19 13:46:53.243997] INFO: UserDao: 有人访问你的网站了
[2023-05-19 13:46:53.268968] INFO: UserDao: 有人访问你的网站了
[2023-05-19 13:46:53.292438] INFO: UserDao: 有人访问你的网站了
[2023-05-19 13:46:53.340850] INFO: UserDao: 有人访问你的网站了
[2023-05-19 13:46:53.378230] INFO: UserDao: 有人访问你的网站了
[2023-05-19 13:46:53.399538] INFO: UserDao: 有人访问你的网站了
[2023-05-19 13:46:53.424825] INFO: UserDao: 有人访问你的网站了
[2023-05-19 13:46:53.448606] INFO: UserDao: 有人访问你的网站了
[2023-05-19 13:46:53.473261] INFO: UserDao: 有人访问你的网站了
[2023-05-19 13:46:53.482340] INFO: UserDao: 有人访问你的网站了
[2023-05-19 13:46:53.504500] INFO: UserDao: 有人访问你的网站了
[2023-05-19 13:46:53.519854] INFO: UserDao: 有人访问你的网站了
[2023-05-19 13:46:53.522877] INFO: UserDao: 有人访问你的网站了
[2023-05-19 13:46:53.911965] INFO: UserDao: 有人访问你的网站了
[2023-05-19 13:46:53.915974] INFO: UserDao: 有人访问你的网站了
[2023-05-19 13:46:54.204718] INFO: UserDao: 有人访问你的网站了
[2023-05-19 13:46:54.206655] INFO: UserDao: 有人访问你的网站了
[2023-05-19 13:46:54.220839] INFO: UserDao: 有人访问你的网站了
[2023-05-19 13:46:54.221839] INFO: UserDao: 有人访问你的网站了
[2023-05-19 13:46:54.225881] INFO: UserDao: 有人访问你的网站了
[2023-05-19 13:46:54.234881] INFO: UserDao: 有人访问你的网站了
[2023-05-19 13:46:54.249854] INFO: UserDao: 有人访问你的网站了
[2023-05-19 13:46:54.253890] INFO: UserDao: 有人访问你的网站了
[2023-05-19 13:46:59.368858] INFO: UserDao: 有人访问你的网站了
[2023-05-19 13:46:59.385674] INFO: UserDao: 有人访问你的网站了
